<?xml version='1.0' encoding='UTF-8'?>
<testsuite hostname="DESKTOP-LFLMI20" name="funsets.FunSetSuite" tests="9" errors="0" failures="0" skipped="0" time="0.103" timestamp="2021-04-27T15:18:50">
                     <properties>
[...]
</properties>
                     <testcase classname="funsets.FunSetSuite" name="map contains only elements results of apply function f" time="0.075">
                                                 
                                               </testcase><testcase classname="funsets.FunSetSuite" name="exists is true iff there is at least one element in set satisfying predicate" time="0.008">
                                                 
                                               </testcase><testcase classname="funsets.FunSetSuite" name="singleton set one contains one" time="0.003">
                                                 
                                               </testcase><testcase classname="funsets.FunSetSuite" name="diff contains only elements of 1st set but not of the 2nd" time="0.005">
                                                 
                                               </testcase><testcase classname="funsets.FunSetSuite" name="union contains all elements of each set" time="0.003">
                                                 
                                               </testcase><testcase classname="funsets.FunSetSuite" name="intesection contains only elements belonging to both sets" time="0.002">
                                                 
                                               </testcase><testcase classname="funsets.FunSetSuite" name="forall is true iff every element in set satisfy predicate" time="0.003">
                                                 
                                               </testcase><testcase classname="funsets.FunSetSuite" name="contains is implemented" time="0.001">
                                                 
                                               </testcase><testcase classname="funsets.FunSetSuite" name="filter contains only elements of set that satisfy a predicate" time="0.003">
                                                 
                                               </testcase>
                     <system-out><![CDATA[]]></system-out>
                     <system-err><![CDATA[]]></system-err>
                   </testsuite>